TN:
SF:src\docs\swaggerDef.js
FNF:0
FNH:0
DA:1,1
DA:2,1
DA:4,1
DA:20,1
LF:4
LH:4
BRF:0
BRH:0
end_of_record
TN:
SF:src\middlewares\auth.js
FN:5,(anonymous_0)
FN:5,(anonymous_1)
FN:13,(anonymous_2)
FN:13,(anonymous_3)
FN:14,(anonymous_4)
FN:21,(anonymous_5)
FN:22,(anonymous_6)
FNF:7
FNH:1
FNDA:0,(anonymous_0)
FNDA:0,(anonymous_1)
FNDA:11,(anonymous_2)
FNDA:0,(anonymous_3)
FNDA:0,(anonymous_4)
FNDA:0,(anonymous_5)
FNDA:0,(anonymous_6)
DA:1,1
DA:2,1
DA:3,1
DA:5,1
DA:6,0
DA:7,0
DA:10,0
DA:13,11
DA:14,0
DA:15,0
DA:21,0
DA:22,0
DA:24,1
LF:13
LH:6
BRDA:6,0,0,0
BRDA:6,0,1,0
BRDA:6,1,0,0
BRDA:6,1,1,0
BRDA:6,1,2,0
BRF:5
BRH:0
end_of_record
TN:
SF:src\middlewares\error.js
FN:7,(anonymous_0)
FN:21,(anonymous_1)
FNF:2
FNH:2
FNDA:7,(anonymous_0)
FNDA:5,(anonymous_1)
DA:1,2
DA:2,2
DA:3,2
DA:4,2
DA:5,2
DA:7,2
DA:8,7
DA:9,7
DA:11,5
DA:14,5
DA:15,5
DA:17,7
DA:21,2
DA:22,5
DA:23,5
DA:24,1
DA:25,1
DA:28,5
DA:30,5
DA:37,5
DA:38,1
DA:41,5
DA:44,2
LF:23
LH:23
BRDA:9,0,0,5
BRDA:9,0,1,2
BRDA:11,1,0,3
BRDA:11,1,1,2
BRDA:11,2,0,5
BRDA:11,2,1,3
BRDA:14,3,0,5
BRDA:14,3,1,2
BRDA:23,4,0,1
BRDA:23,4,1,4
BRDA:23,5,0,5
BRDA:23,5,1,3
BRDA:34,6,0,5
BRDA:34,6,1,1
BRDA:37,7,0,1
BRDA:37,7,1,4
BRF:16
BRH:16
end_of_record
TN:
SF:src\middlewares\rateLimiter.js
FNF:0
FNH:0
DA:1,1
DA:3,1
DA:9,1
LF:3
LH:3
BRF:0
BRH:0
end_of_record
TN:
SF:src\middlewares\validate.js
FN:6,(anonymous_0)
FN:6,(anonymous_1)
FN:15,(anonymous_2)
FNF:3
FNH:1
FNDA:23,(anonymous_0)
FNDA:0,(anonymous_1)
FNDA:0,(anonymous_2)
DA:1,1
DA:2,1
DA:3,1
DA:4,1
DA:6,23
DA:7,0
DA:8,0
DA:9,0
DA:13,0
DA:14,0
DA:15,0
DA:17,0
DA:20,0
DA:21,0
DA:24,1
LF:15
LH:6
BRDA:13,0,0,0
BRDA:13,0,1,0
BRF:2
BRH:0
end_of_record
TN:
SF:src\module\auth\auth.controller.js
FN:8,(anonymous_0)
FN:15,(anonymous_1)
FN:27,(anonymous_2)
FN:32,(anonymous_3)
FN:37,(anonymous_4)
FN:47,(anonymous_5)
FN:55,(anonymous_6)
FN:63,(anonymous_7)
FNF:8
FNH:0
FNDA:0,(anonymous_0)
FNDA:0,(anonymous_1)
FNDA:0,(anonymous_2)
FNDA:0,(anonymous_3)
FNDA:0,(anonymous_4)
FNDA:0,(anonymous_5)
FNDA:0,(anonymous_6)
FNDA:0,(anonymous_7)
DA:1,1
DA:2,1
DA:3,1
DA:4,1
DA:5,1
DA:6,1
DA:8,1
DA:9,0
DA:10,0
DA:11,0
DA:12,0
DA:15,1
DA:16,0
DA:17,0
DA:22,0
DA:23,0
DA:24,0
DA:27,1
DA:28,0
DA:29,0
DA:32,1
DA:33,0
DA:34,0
DA:37,1
DA:38,0
DA:42,0
DA:44,0
DA:47,1
DA:48,0
DA:52,0
DA:55,1
DA:56,0
DA:59,0
DA:60,0
DA:63,1
DA:64,0
DA:65,0
DA:68,1
LF:38
LH:15
BRF:0
BRH:0
end_of_record
TN:
SF:src\module\auth\auth.route.js
FNF:0
FNH:0
DA:1,1
DA:2,1
DA:3,1
DA:4,1
DA:6,1
DA:8,1
DA:13,1
DA:14,1
DA:15,1
DA:20,1
DA:25,1
DA:30,1
DA:31,1
DA:37,1
LF:14
LH:14
BRF:0
BRH:0
end_of_record
TN:
SF:src\module\auth\auth.service.js
FN:15,(anonymous_0)
FN:45,(anonymous_1)
FN:66,(anonymous_2)
FN:105,(anonymous_3)
FN:136,(anonymous_4)
FNF:5
FNH:0
FNDA:0,(anonymous_0)
FNDA:0,(anonymous_1)
FNDA:0,(anonymous_2)
FNDA:0,(anonymous_3)
FNDA:0,(anonymous_4)
DA:1,1
DA:2,1
DA:3,1
DA:4,1
DA:5,1
DA:6,1
DA:7,1
DA:15,1
DA:16,0
DA:17,0
DA:19,0
DA:21,0
DA:22,0
DA:23,0
DA:25,0
DA:32,0
DA:35,0
DA:36,0
DA:45,1
DA:46,0
DA:47,0
DA:53,0
DA:58,0
DA:66,1
DA:67,0
DA:68,0
DA:69,0
DA:73,0
DA:75,0
DA:76,0
DA:79,0
DA:86,0
DA:87,0
DA:92,0
DA:93,0
DA:95,0
DA:105,1
DA:106,0
DA:107,0
DA:108,0
DA:112,0
DA:113,0
DA:114,0
DA:116,0
DA:117,0
DA:119,0
DA:124,0
DA:125,0
DA:127,0
DA:136,1
DA:137,0
DA:138,0
DA:142,0
DA:143,0
DA:144,0
DA:146,0
DA:147,0
DA:149,0
DA:153,1
LF:59
LH:13
BRDA:21,0,0,0
BRDA:21,0,1,0
BRDA:22,1,0,0
BRDA:22,1,1,0
BRDA:75,2,0,0
BRDA:75,2,1,0
BRDA:113,3,0,0
BRDA:113,3,1,0
BRDA:143,4,0,0
BRDA:143,4,1,0
BRF:10
BRH:0
end_of_record
TN:
SF:src\module\company\company_controller.js
FN:7,(anonymous_0)
FN:12,(anonymous_1)
FN:17,(anonymous_2)
FN:24,(anonymous_3)
FN:29,(anonymous_4)
FNF:5
FNH:0
FNDA:0,(anonymous_0)
FNDA:0,(anonymous_1)
FNDA:0,(anonymous_2)
FNDA:0,(anonymous_3)
FNDA:0,(anonymous_4)
DA:1,1
DA:2,1
DA:3,1
DA:4,1
DA:5,1
DA:7,1
DA:8,0
DA:9,0
DA:12,1
DA:13,0
DA:14,0
DA:17,1
DA:18,0
DA:19,0
DA:20,0
DA:21,0
DA:24,1
DA:25,0
DA:26,0
DA:29,1
DA:30,0
DA:31,0
DA:34,1
LF:23
LH:11
BRF:0
BRH:0
end_of_record
TN:
SF:src\module\company\company_model.js
FNF:0
FNH:0
DA:1,1
DA:2,1
DA:4,1
DA:66,1
DA:67,1
DA:69,1
DA:71,1
LF:7
LH:7
BRF:0
BRH:0
end_of_record
TN:
SF:src\module\company\company_route.js
FNF:0
FNH:0
DA:1,1
DA:2,1
DA:3,1
DA:4,1
DA:5,1
DA:6,1
DA:8,1
DA:15,1
DA:22,1
DA:29,1
DA:42,1
LF:11
LH:11
BRF:0
BRH:0
end_of_record
TN:
SF:src\module\company\company_service.js
FN:11,(anonymous_0)
FN:31,(anonymous_1)
FN:53,(anonymous_2)
FN:79,(anonymous_3)
FN:97,(anonymous_4)
FNF:5
FNH:0
FNDA:0,(anonymous_0)
FNDA:0,(anonymous_1)
FNDA:0,(anonymous_2)
FNDA:0,(anonymous_3)
FNDA:0,(anonymous_4)
DA:1,1
DA:2,1
DA:3,1
DA:4,1
DA:11,1
DA:12,0
DA:13,0
DA:17,0
DA:22,0
DA:23,0
DA:31,1
DA:32,0
DA:33,0
DA:34,0
DA:35,0
DA:38,0
DA:39,0
DA:44,0
DA:45,0
DA:53,1
DA:54,0
DA:55,0
DA:65,0
DA:70,0
DA:71,0
DA:79,1
DA:80,0
DA:81,0
DA:82,0
DA:83,0
DA:88,0
DA:89,0
DA:97,1
DA:98,0
DA:99,0
DA:109,0
DA:114,0
DA:115,0
DA:118,1
LF:39
LH:10
BRDA:14,0,0,0
BRDA:14,0,1,0
BRDA:34,1,0,0
BRDA:34,1,1,0
BRF:4
BRH:0
end_of_record
TN:
SF:src\module\company\company_validation.js
FNF:0
FNH:0
DA:1,1
DA:3,1
DA:17,1
DA:31,1
DA:39,1
DA:45,1
DA:51,1
LF:7
LH:7
BRF:0
BRH:0
end_of_record
TN:
SF:src\module\mailer\email.service.js
FN:36,(anonymous_0)
FN:52,(anonymous_1)
FNF:2
FNH:0
FNDA:0,(anonymous_0)
FNDA:0,(anonymous_1)
DA:1,1
DA:2,1
DA:3,1
DA:5,1
DA:36,1
DA:37,0
DA:39,0
DA:40,0
DA:43,0
DA:52,1
DA:53,0
DA:55,0
DA:56,0
DA:59,0
DA:62,1
LF:15
LH:7
BRF:0
BRH:0
end_of_record
TN:
SF:src\module\product\product_controller.js
FN:6,(anonymous_0)
FN:13,(anonymous_1)
FN:21,(anonymous_2)
FN:30,(anonymous_3)
FNF:4
FNH:0
FNDA:0,(anonymous_0)
FNDA:0,(anonymous_1)
FNDA:0,(anonymous_2)
FNDA:0,(anonymous_3)
DA:1,1
DA:2,1
DA:3,1
DA:4,1
DA:6,1
DA:7,0
DA:8,0
DA:9,0
DA:10,0
DA:13,1
DA:14,0
DA:15,0
DA:16,0
DA:18,0
DA:21,1
DA:22,0
DA:23,0
DA:26,0
DA:27,0
DA:30,1
DA:31,0
DA:32,0
DA:35,0
DA:36,0
DA:39,1
LF:25
LH:9
BRDA:15,0,0,0
BRDA:15,0,1,0
BRDA:22,1,0,0
BRDA:22,1,1,0
BRDA:22,2,0,0
BRDA:22,2,1,0
BRDA:31,3,0,0
BRDA:31,3,1,0
BRDA:31,4,0,0
BRDA:31,4,1,0
BRF:10
BRH:0
end_of_record
TN:
SF:src\module\product\product_model.js
FNF:0
FNH:0
DA:1,1
DA:2,1
DA:4,1
DA:66,1
DA:67,1
DA:72,1
DA:74,1
LF:7
LH:7
BRF:0
BRH:0
end_of_record
TN:
SF:src\module\product\product_route.js
FN:11,(anonymous_0)
FN:14,(anonymous_1)
FNF:2
FNH:0
FNDA:0,(anonymous_0)
FNDA:0,(anonymous_1)
DA:1,1
DA:2,1
DA:3,1
DA:4,1
DA:5,1
DA:6,1
DA:8,1
DA:10,1
DA:12,0
DA:15,0
DA:16,0
DA:20,1
DA:21,1
DA:23,1
DA:32,1
DA:38,1
DA:47,1
LF:17
LH:14
BRF:0
BRH:0
end_of_record
TN:
SF:src\module\product\product_service.js
FN:12,(anonymous_0)
FN:29,(anonymous_1)
FN:46,(anonymous_2)
FN:70,(anonymous_3)
FNF:4
FNH:0
FNDA:0,(anonymous_0)
FNDA:0,(anonymous_1)
FNDA:0,(anonymous_2)
FNDA:0,(anonymous_3)
DA:1,1
DA:2,1
DA:3,1
DA:4,1
DA:5,1
DA:12,1
DA:13,0
DA:14,0
DA:16,0
DA:17,0
DA:29,1
DA:30,0
DA:31,0
DA:32,0
DA:37,0
DA:38,0
DA:46,1
DA:47,0
DA:49,0
DA:50,0
DA:51,0
DA:52,0
DA:55,0
DA:56,0
DA:61,0
DA:62,0
DA:70,1
DA:71,0
DA:72,0
DA:82,0
DA:87,0
DA:88,0
DA:91,1
LF:33
LH:10
BRDA:51,0,0,0
BRDA:51,0,1,0
BRF:2
BRH:0
end_of_record
TN:
SF:src\module\product\product_validation.js
FNF:0
FNH:0
DA:1,1
DA:3,1
DA:16,1
DA:29,1
DA:36,1
LF:5
LH:5
BRF:0
BRH:0
end_of_record
TN:
SF:src\module\token\token.model.js
FNF:0
FNH:0
DA:1,1
DA:2,1
DA:3,1
DA:5,1
DA:41,1
DA:46,1
DA:48,1
LF:7
LH:7
BRF:0
BRH:0
end_of_record
TN:
SF:src\module\token\token.service.js
FN:19,(anonymous_0)
FN:39,(anonymous_1)
FN:58,(anonymous_2)
FN:79,(anonymous_3)
FN:124,(anonymous_4)
FN:158,(anonymous_5)
FNF:6
FNH:0
FNDA:0,(anonymous_0)
FNDA:0,(anonymous_1)
FNDA:0,(anonymous_2)
FNDA:0,(anonymous_3)
FNDA:0,(anonymous_4)
FNDA:0,(anonymous_5)
DA:1,1
DA:2,1
DA:3,1
DA:4,1
DA:5,1
DA:6,1
DA:7,1
DA:8,1
DA:9,1
DA:19,1
DA:21,0
DA:27,0
DA:39,1
DA:40,0
DA:41,0
DA:48,0
DA:49,0
DA:58,1
DA:59,0
DA:60,0
DA:61,0
DA:67,0
DA:68,0
DA:70,0
DA:71,0
DA:79,1
DA:80,0
DA:81,0
DA:85,0
DA:91,0
DA:95,0
DA:100,0
DA:106,0
DA:116,0
DA:124,1
DA:125,0
DA:126,0
DA:127,0
DA:128,0
DA:130,0
DA:134,0
DA:139,0
DA:145,0
DA:150,0
DA:158,1
DA:159,0
DA:160,0
DA:164,0
DA:169,0
DA:171,0
DA:172,0
DA:175,1
LF:52
LH:16
BRDA:19,0,0,0
BRDA:39,1,0,0
BRDA:67,2,0,0
BRDA:67,2,1,0
BRDA:127,3,0,0
BRDA:127,3,1,0
BRF:6
BRH:0
end_of_record
TN:
SF:src\module\user\user.controller.js
FN:7,(anonymous_0)
FN:12,(anonymous_1)
FN:19,(anonymous_2)
FN:27,(anonymous_3)
FN:32,(anonymous_4)
FNF:5
FNH:0
FNDA:0,(anonymous_0)
FNDA:0,(anonymous_1)
FNDA:0,(anonymous_2)
FNDA:0,(anonymous_3)
FNDA:0,(anonymous_4)
DA:1,1
DA:2,1
DA:3,1
DA:4,1
DA:5,1
DA:7,1
DA:8,0
DA:9,0
DA:12,1
DA:13,0
DA:14,0
DA:15,0
DA:16,0
DA:19,1
DA:20,0
DA:21,0
DA:22,0
DA:24,0
DA:27,1
DA:28,0
DA:29,0
DA:32,1
DA:33,0
DA:34,0
DA:37,1
LF:25
LH:11
BRDA:21,0,0,0
BRDA:21,0,1,0
BRF:2
BRH:0
end_of_record
TN:
SF:src\module\user\user.model.js
FN:33,(anonymous_0)
FN:58,(anonymous_1)
FN:92,(anonymous_2)
FN:102,(anonymous_3)
FN:107,(anonymous_4)
FNF:5
FNH:0
FNDA:0,(anonymous_0)
FNDA:0,(anonymous_1)
FNDA:0,(anonymous_2)
FNDA:0,(anonymous_3)
FNDA:0,(anonymous_4)
DA:1,1
DA:2,1
DA:3,1
DA:4,1
DA:6,1
DA:34,0
DA:35,0
DA:59,0
DA:60,0
DA:83,1
DA:84,1
DA:92,1
DA:93,0
DA:94,0
DA:102,1
DA:103,0
DA:104,0
DA:107,1
DA:108,0
DA:109,0
DA:110,0
DA:112,0
DA:118,1
DA:120,1
LF:24
LH:12
BRDA:34,0,0,0
BRDA:34,0,1,0
BRDA:59,1,0,0
BRDA:59,1,1,0
BRDA:59,2,0,0
BRDA:59,2,1,0
BRDA:109,3,0,0
BRDA:109,3,1,0
BRF:8
BRH:0
end_of_record
TN:
SF:src\module\user\user.route.js
FNF:0
FNH:0
DA:1,1
DA:2,1
DA:3,1
DA:4,1
DA:5,1
DA:7,1
DA:9,1
DA:15,1
DA:22,1
DA:32,1
LF:10
LH:10
BRF:0
BRH:0
end_of_record
TN:
SF:src\module\user\user.service.js
FN:12,(anonymous_0)
FN:38,(anonymous_1)
FN:55,(anonymous_2)
FN:72,(anonymous_3)
FN:84,(anonymous_4)
FN:97,(anonymous_5)
FN:122,(anonymous_6)
FNF:7
FNH:0
FNDA:0,(anonymous_0)
FNDA:0,(anonymous_1)
FNDA:0,(anonymous_2)
FNDA:0,(anonymous_3)
FNDA:0,(anonymous_4)
FNDA:0,(anonymous_5)
FNDA:0,(anonymous_6)
DA:1,1
DA:2,1
DA:3,1
DA:4,1
DA:5,1
DA:12,1
DA:13,0
DA:14,0
DA:15,0
DA:16,0
DA:19,0
DA:20,0
DA:25,0
DA:26,0
DA:38,1
DA:39,0
DA:40,0
DA:41,0
DA:46,0
DA:47,0
DA:55,1
DA:56,0
DA:57,0
DA:58,0
DA:63,0
DA:64,0
DA:72,1
DA:73,0
DA:74,0
DA:75,0
DA:76,0
DA:84,1
DA:85,0
DA:86,0
DA:87,0
DA:88,0
DA:97,1
DA:98,0
DA:99,0
DA:100,0
DA:101,0
DA:103,0
DA:104,0
DA:106,0
DA:107,0
DA:108,0
DA:113,0
DA:114,0
DA:122,1
DA:123,0
DA:124,0
DA:125,0
DA:126,0
DA:129,0
DA:135,0
DA:141,0
DA:142,0
DA:145,1
LF:58
LH:13
BRDA:15,0,0,0
BRDA:15,0,1,0
BRDA:100,1,0,0
BRDA:100,1,1,0
BRDA:103,2,0,0
BRDA:103,2,1,0
BRDA:103,3,0,0
BRDA:103,3,1,0
BRDA:125,4,0,0
BRDA:125,4,1,0
BRF:10
BRH:0
end_of_record
TN:
SF:src\module\userMaster\master_controller.js
FN:7,(anonymous_0)
FNF:1
FNH:0
FNDA:0,(anonymous_0)
DA:1,1
DA:2,1
DA:3,1
DA:4,1
DA:5,1
DA:7,1
DA:8,0
DA:9,0
DA:12,1
LF:9
LH:7
BRF:0
BRH:0
end_of_record
TN:
SF:src\module\userMaster\master_model.js
FNF:0
FNH:0
DA:1,1
DA:2,1
DA:4,1
DA:36,1
DA:37,1
DA:38,1
DA:44,1
DA:81,1
DA:82,1
DA:83,1
DA:89,1
DA:102,1
DA:103,1
DA:104,1
DA:110,1
DA:135,1
DA:136,1
DA:137,1
DA:143,1
DA:156,1
DA:157,1
DA:158,1
DA:164,1
DA:184,1
DA:185,1
DA:186,1
DA:192,1
DA:222,1
DA:223,1
DA:224,1
DA:230,1
LF:31
LH:31
BRF:0
BRH:0
end_of_record
TN:
SF:src\module\userMaster\master_route.js
FNF:0
FNH:0
DA:1,1
DA:2,1
DA:3,1
DA:4,1
DA:5,1
DA:6,1
DA:8,1
DA:15,1
LF:8
LH:8
BRF:0
BRH:0
end_of_record
TN:
SF:src\module\userMaster\master_service.js
FN:19,(anonymous_0)
FNF:1
FNH:0
FNDA:0,(anonymous_0)
DA:1,1
DA:10,1
DA:11,1
DA:12,1
DA:19,1
DA:20,0
DA:22,0
DA:23,0
DA:28,0
DA:29,0
DA:32,1
LF:11
LH:6
BRF:0
BRH:0
end_of_record
TN:
SF:src\module\userMaster\master_validation.js
FNF:0
FNH:0
DA:1,1
DA:3,1
DA:12,1
LF:3
LH:3
BRF:0
BRH:0
end_of_record
TN:
SF:src\routes\v1\docs.route.js
FNF:0
FNH:0
DA:1,1
DA:2,1
DA:3,1
DA:4,1
DA:6,1
DA:8,1
DA:13,1
DA:14,1
DA:21,1
LF:9
LH:9
BRF:0
BRH:0
end_of_record
TN:
SF:src\routes\v1\index.js
FN:43,(anonymous_0)
FNF:1
FNH:1
FNDA:5,(anonymous_0)
DA:1,1
DA:2,1
DA:3,1
DA:4,1
DA:5,1
DA:6,1
DA:7,1
DA:8,1
DA:10,1
DA:12,1
DA:35,1
DA:43,1
DA:44,5
DA:54,1
LF:14
LH:14
BRF:0
BRH:0
end_of_record
TN:
SF:src\utils\ApiError.js
FN:2,(anonymous_0)
FNF:1
FNH:1
FNDA:11,(anonymous_0)
DA:3,11
DA:4,11
DA:5,11
DA:6,11
DA:7,4
DA:9,7
DA:14,2
LF:7
LH:7
BRDA:2,0,0,5
BRDA:2,1,0,7
BRDA:6,2,0,4
BRDA:6,2,1,7
BRF:4
BRH:4
end_of_record
TN:
SF:src\utils\catchAsync.js
FN:1,(anonymous_0)
FN:1,(anonymous_1)
FN:2,(anonymous_2)
FNF:3
FNH:1
FNDA:23,(anonymous_0)
FNDA:0,(anonymous_1)
FNDA:0,(anonymous_2)
DA:1,23
DA:2,0
DA:5,1
LF:3
LH:2
BRF:0
BRH:0
end_of_record
TN:
SF:src\utils\consoleLog.js
FN:1,(anonymous_0)
FN:11,logWithStackTrace
FN:29,(anonymous_2)
FN:30,(anonymous_3)
FN:58,(anonymous_4)
FN:59,(anonymous_5)
FN:60,(anonymous_6)
FN:61,(anonymous_7)
FN:62,(anonymous_8)
FN:63,(anonymous_9)
FN:65,(anonymous_10)
FNF:11
FNH:0
FNDA:0,(anonymous_0)
FNDA:0,logWithStackTrace
FNDA:0,(anonymous_2)
FNDA:0,(anonymous_3)
FNDA:0,(anonymous_4)
FNDA:0,(anonymous_5)
FNDA:0,(anonymous_6)
FNDA:0,(anonymous_7)
FNDA:0,(anonymous_8)
FNDA:0,(anonymous_9)
FNDA:0,(anonymous_10)
DA:1,1
DA:3,1
DA:5,1
DA:12,0
DA:13,0
DA:15,0
DA:16,0
DA:18,0
DA:19,0
DA:21,0
DA:22,0
DA:23,0
DA:24,0
DA:26,0
DA:27,0
DA:29,0
DA:30,0
DA:34,0
DA:53,0
DA:57,1
DA:58,0
DA:59,0
DA:60,0
DA:61,0
DA:62,0
DA:63,0
DA:65,0
DA:68,1
LF:28
LH:5
BRDA:1,0,0,0
BRDA:1,0,1,0
BRDA:13,1,0,0
BRDA:13,1,1,0
BRDA:15,2,0,0
BRDA:16,3,0,0
BRDA:16,3,1,0
BRDA:18,4,0,0
BRDA:18,4,1,0
BRDA:19,5,0,0
BRDA:19,5,1,0
BRDA:21,6,0,0
BRDA:21,6,1,0
BRDA:23,7,0,0
BRDA:23,7,1,0
BRDA:23,8,0,0
BRDA:23,8,1,0
BRDA:24,9,0,0
BRDA:24,9,1,0
BRDA:26,10,0,0
BRDA:26,10,1,0
BRDA:26,11,0,0
BRDA:26,11,1,0
BRDA:26,11,2,0
BRF:24
BRH:0
end_of_record
TN:
SF:src\utils\pick.js
FN:7,(anonymous_0)
FN:8,(anonymous_1)
FNF:2
FNH:0
FNDA:0,(anonymous_0)
FNDA:0,(anonymous_1)
DA:7,1
DA:8,0
DA:9,0
DA:11,0
DA:13,0
DA:17,1
LF:6
LH:2
BRDA:9,0,0,0
BRDA:9,0,1,0
BRDA:9,1,0,0
BRDA:9,1,1,0
BRF:4
BRH:0
end_of_record
TN:
SF:src\utils\plugins\index.js
FNF:0
FNH:0
DA:1,1
DA:2,1
LF:2
LH:2
BRF:0
BRH:0
end_of_record
TN:
SF:src\utils\plugins\paginate.plugin.js
FN:3,(anonymous_0)
FN:22,(anonymous_1)
FN:26,(anonymous_2)
FN:49,(anonymous_3)
FN:54,(anonymous_4)
FN:61,(anonymous_5)
FNF:6
FNH:1
FNDA:10,(anonymous_0)
FNDA:0,(anonymous_1)
FNDA:0,(anonymous_2)
FNDA:0,(anonymous_3)
FNDA:0,(anonymous_4)
FNDA:0,(anonymous_5)
DA:3,1
DA:22,10
DA:23,0
DA:24,0
DA:25,0
DA:26,0
DA:27,0
DA:28,0
DA:30,0
DA:32,0
DA:36,0
DA:40,0
DA:43,0
DA:45,0
DA:46,0
DA:48,0
DA:49,0
DA:50,0
DA:54,0
DA:59,0
DA:61,0
DA:62,0
DA:63,0
DA:64,0
DA:71,0
DA:76,1
LF:26
LH:3
BRDA:24,0,0,0
BRDA:24,0,1,0
BRDA:28,1,0,0
BRDA:28,1,1,0
BRDA:36,2,0,0
BRDA:36,2,1,0
BRDA:36,3,0,0
BRDA:36,3,1,0
BRDA:40,4,0,0
BRDA:40,4,1,0
BRDA:40,5,0,0
BRDA:40,5,1,0
BRDA:48,6,0,0
BRDA:48,6,1,0
BRF:14
BRH:0
end_of_record
TN:
SF:src\utils\plugins\toJSON.plugin.js
FN:9,(anonymous_0)
FN:17,(anonymous_1)
FN:24,(anonymous_2)
FN:25,(anonymous_3)
FNF:4
FNH:1
FNDA:0,(anonymous_0)
FNDA:11,(anonymous_1)
FNDA:0,(anonymous_2)
FNDA:0,(anonymous_3)
DA:9,1
DA:10,0
DA:11,0
DA:12,0
DA:14,0
DA:17,1
DA:19,11
DA:20,0
DA:23,11
DA:25,0
DA:26,0
DA:27,0
DA:31,0
DA:32,0
DA:33,0
DA:34,0
DA:35,0
DA:36,0
DA:37,0
DA:43,1
LF:20
LH:5
BRDA:10,0,0,0
BRDA:10,0,1,0
BRDA:19,1,0,0
BRDA:19,1,1,11
BRDA:19,2,0,11
BRDA:19,2,1,0
BRDA:23,3,0,11
BRDA:23,3,1,11
BRDA:26,4,0,0
BRDA:26,4,1,0
BRDA:26,5,0,0
BRDA:26,5,1,0
BRDA:36,6,0,0
BRDA:36,6,1,0
BRF:14
BRH:4
end_of_record
TN:
SF:src\validations\auth.validation.js
FNF:0
FNH:0
DA:1,1
DA:2,1
DA:4,1
DA:17,1
DA:24,1
DA:30,1
DA:36,1
DA:42,1
DA:49,1
DA:55,1
LF:10
LH:10
BRF:0
BRH:0
end_of_record
TN:
SF:src\validations\custom.validation.js
FN:1,(anonymous_0)
FN:8,(anonymous_1)
FNF:2
FNH:0
FNDA:0,(anonymous_0)
FNDA:0,(anonymous_1)
DA:1,1
DA:2,0
DA:3,0
DA:5,0
DA:8,1
DA:9,0
DA:10,0
DA:12,0
DA:13,0
DA:17,0
DA:20,1
LF:11
LH:3
BRDA:2,0,0,0
BRDA:2,0,1,0
BRDA:9,1,0,0
BRDA:9,1,1,0
BRDA:12,2,0,0
BRDA:12,2,1,0
BRDA:12,3,0,0
BRDA:12,3,1,0
BRF:8
BRH:0
end_of_record
TN:
SF:src\validations\user.validation.js
FNF:0
FNH:0
DA:1,1
DA:2,1
DA:4,1
DA:18,1
DA:28,1
DA:34,1
DA:53,1
DA:59,1
LF:8
LH:8
BRF:0
BRH:0
end_of_record
